<?xml version="1.0" encoding="UTF-8"?>
<testng-results total="1" passed="0" failed="1" skipped="0">
  <reporter-output>
  </reporter-output>
  <suite started-at="2021-12-31T07:25:13Z" name="Suite" finished-at="2021-12-31T07:25:25Z" duration-ms="12267">
    <groups>
    </groups>
    <test started-at="2021-12-31T07:25:13Z" name="Test" finished-at="2021-12-31T07:25:25Z" duration-ms="12267">
      <class name="com.model1.KiteLoginTC01">
        <test-method is-config="true" signature="inilizebrowser()[pri:0, instance:com.model1.KiteLoginTC01@2034b64c]" started-at="2021-12-31T12:55:13Z" name="inilizebrowser" finished-at="2021-12-31T12:55:20Z" duration-ms="6808" status="PASS">
          <reporter-output>
          </reporter-output>
        </test-method> <!-- inilizebrowser -->
        <test-method is-config="true" signature="loginkite()[pri:0, instance:com.model1.KiteLoginTC01@2034b64c]" started-at="2021-12-31T12:55:20Z" name="loginkite" finished-at="2021-12-31T12:55:23Z" duration-ms="3208" status="PASS">
          <reporter-output>
          </reporter-output>
        </test-method> <!-- loginkite -->
        <test-method signature="verifyusername()[pri:0, instance:com.model1.KiteLoginTC01@2034b64c]" started-at="2021-12-31T12:55:23Z" name="verifyusername" finished-at="2021-12-31T12:55:23Z" duration-ms="96" status="FAIL">
          <exception class="java.lang.AssertionError">
            <message>
              <![CDATA[expected [abcd] but found [DV1510]]]>
            </message>
            <full-stacktrace>
              <![CDATA[java.lang.AssertionError: expected [abcd] but found [DV1510]
	at org.testng.Assert.fail(Assert.java:94)
	at org.testng.Assert.failNotEquals(Assert.java:513)
	at org.testng.Assert.assertEqualsImpl(Assert.java:135)
	at org.testng.Assert.assertEquals(Assert.java:116)
	at org.testng.Assert.assertEquals(Assert.java:190)
	at org.testng.Assert.assertEquals(Assert.java:200)
	at com.model1.KiteLoginTC01.verifyusername(KiteLoginTC01.java:34)
	at java.base/jdk.internal.reflect.NativeMethodAccessorImpl.invoke0(Native Method)
	at java.base/jdk.internal.reflect.NativeMethodAccessorImpl.invoke(NativeMethodAccessorImpl.java:77)
	at java.base/jdk.internal.reflect.DelegatingMethodAccessorImpl.invoke(DelegatingMethodAccessorImpl.java:43)
	at java.base/java.lang.reflect.Method.invoke(Method.java:568)
	at org.testng.internal.MethodInvocationHelper.invokeMethod(MethodInvocationHelper.java:86)
	at org.testng.internal.Invoker.invokeMethod(Invoker.java:643)
	at org.testng.internal.Invoker.invokeTestMethod(Invoker.java:820)
	at org.testng.internal.Invoker.invokeTestMethods(Invoker.java:1128)
	at org.testng.internal.TestMethodWorker.invokeTestMethods(TestMethodWorker.java:129)
	at org.testng.internal.TestMethodWorker.run(TestMethodWorker.java:112)
	at org.testng.TestRunner.privateRun(TestRunner.java:782)
	at org.testng.TestRunner.run(TestRunner.java:632)
	at org.testng.SuiteRunner.runTest(SuiteRunner.java:366)
	at org.testng.SuiteRunner.runSequentially(SuiteRunner.java:361)
	at org.testng.SuiteRunner.privateRun(SuiteRunner.java:319)
	at org.testng.SuiteRunner.run(SuiteRunner.java:268)
	at org.testng.SuiteRunnerWorker.runSuite(SuiteRunnerWorker.java:52)
	at org.testng.SuiteRunnerWorker.run(SuiteRunnerWorker.java:86)
	at org.testng.TestNG.runSuitesSequentially(TestNG.java:1244)
	at org.testng.TestNG.runSuitesLocally(TestNG.java:1169)
	at org.testng.TestNG.run(TestNG.java:1064)
	at org.testng.remote.AbstractRemoteTestNG.run(AbstractRemoteTestNG.java:115)
	at org.testng.remote.RemoteTestNG.initAndRun(RemoteTestNG.java:251)
	at org.testng.remote.RemoteTestNG.main(RemoteTestNG.java:77)
]]>
            </full-stacktrace>
          </exception> <!-- java.lang.AssertionError -->
          <reporter-output>
          </reporter-output>
        </test-method> <!-- verifyusername -->
        <test-method is-config="true" signature="logout(org.testng.ITestResult)[pri:0, instance:com.model1.KiteLoginTC01@2034b64c]" started-at="2021-12-31T12:55:23Z" name="logout" finished-at="2021-12-31T12:55:25Z" duration-ms="2122" status="PASS">
          <params>
            <param index="0">
              <value>
                <![CDATA[[TestResult name=verifyusername status=FAILURE method=KiteLoginTC01.verifyusername()[pri:0, instance:com.model1.KiteLoginTC01@2034b64c] output={null}]]]>
              </value>
            </param>
          </params>
          <reporter-output>
          </reporter-output>
        </test-method> <!-- logout -->
        <test-method is-config="true" signature="closebrowser()[pri:0, instance:com.model1.KiteLoginTC01@2034b64c]" started-at="2021-12-31T12:55:25Z" name="closebrowser" finished-at="2021-12-31T12:55:25Z" duration-ms="1" status="PASS">
          <reporter-output>
          </reporter-output>
        </test-method> <!-- closebrowser -->
      </class> <!-- com.model1.KiteLoginTC01 -->
    </test> <!-- Test -->
  </suite> <!-- Suite -->
</testng-results>
